                                 Started job on |	Nov 19 06:53:15
                             Started mapping on |	Nov 19 06:53:25
                                    Finished on |	Nov 19 06:53:48
       Mapping speed, Million of reads per hour |	51.87

                          Number of input reads |	331396
                      Average input read length |	292
                                    UNIQUE READS:
                   Uniquely mapped reads number |	319668
                        Uniquely mapped reads % |	96.46%
                          Average mapped length |	286.80
                       Number of splices: Total |	346557
            Number of splices: Annotated (sjdb) |	342255
                       Number of splices: GT/AG |	345822
                       Number of splices: GC/AG |	672
                       Number of splices: AT/AC |	63
               Number of splices: Non-canonical |	0
                      Mismatch rate per base, % |	0.41%
                         Deletion rate per base |	0.01%
                        Deletion average length |	1.59
                        Insertion rate per base |	0.00%
                       Insertion average length |	1.43
                             MULTI-MAPPING READS:
        Number of reads mapped to multiple loci |	6953
             % of reads mapped to multiple loci |	2.10%
        Number of reads mapped to too many loci |	3
             % of reads mapped to too many loci |	0.00%
                                  UNMAPPED READS:
       % of reads unmapped: too many mismatches |	0.00%
                 % of reads unmapped: too short |	0.00%
                     % of reads unmapped: other |	1.44%
                                  CHIMERIC READS:
                       Number of chimeric reads |	0
                            % of chimeric reads |	0.00%
