                                 Started job on |	Nov 19 06:53:15
                             Started mapping on |	Nov 19 06:53:54
                                    Finished on |	Nov 19 06:54:23
       Mapping speed, Million of reads per hour |	41.14

                          Number of input reads |	331396
                      Average input read length |	292
                                    UNIQUE READS:
                   Uniquely mapped reads number |	318236
                        Uniquely mapped reads % |	96.03%
                          Average mapped length |	286.77
                       Number of splices: Total |	347223
            Number of splices: Annotated (sjdb) |	347218
                       Number of splices: GT/AG |	346494
                       Number of splices: GC/AG |	662
                       Number of splices: AT/AC |	67
               Number of splices: Non-canonical |	0
                      Mismatch rate per base, % |	0.41%
                         Deletion rate per base |	0.01%
                        Deletion average length |	1.61
                        Insertion rate per base |	0.00%
                       Insertion average length |	1.44
                             MULTI-MAPPING READS:
        Number of reads mapped to multiple loci |	8378
             % of reads mapped to multiple loci |	2.53%
        Number of reads mapped to too many loci |	3
             % of reads mapped to too many loci |	0.00%
                                  UNMAPPED READS:
       % of reads unmapped: too many mismatches |	0.00%
                 % of reads unmapped: too short |	0.00%
                     % of reads unmapped: other |	1.44%
                                  CHIMERIC READS:
                       Number of chimeric reads |	0
                            % of chimeric reads |	0.00%
